The system is: Linux - 5.15.0-105-generic - sh: 0: getcwd() failed: No such file or directory
x86_64
Determining if the C compiler works passed with the following output:
Change Dir: /home/caizi/C++/web_framework/build/CMakeFiles/CMakeTmp

Run Build Command(s):/usr/bin/make cmTC_ce9a9/fast && /usr/bin/make -f CMakeFiles/cmTC_ce9a9.dir/build.make CMakeFiles/cmTC_ce9a9.dir/build
make[1]: Entering directory '/home/caizi/C++/web_framework/build/CMakeFiles/CMakeTmp'
Building C object CMakeFiles/cmTC_ce9a9.dir/testCCompiler.c.o
/usr/bin/gcc    -o CMakeFiles/cmTC_ce9a9.dir/testCCompiler.c.o   -c /home/caizi/C++/web_framework/build/CMakeFiles/CMakeTmp/testCCompiler.c
Linking C executable cmTC_ce9a9
/usr/bin/cmake -E cmake_link_script CMakeFiles/cmTC_ce9a9.dir/link.txt --verbose=1
/usr/bin/gcc      CMakeFiles/cmTC_ce9a9.dir/testCCompiler.c.o  -o cmTC_ce9a9 
make[1]: Leaving directory '/home/caizi/C++/web_framework/build/CMakeFiles/CMakeTmp'



Detecting C compiler ABI info compiled with the following output:
Change Dir: /home/caizi/C++/web_framework/build/CMakeFiles/CMakeTmp

Run Build Command(s):/usr/bin/make cmTC_c036f/fast && /usr/bin/make -f CMakeFiles/cmTC_c036f.dir/build.make CMakeFiles/cmTC_c036f.dir/build
make[1]: Entering directory '/home/caizi/C++/web_framework/build/CMakeFiles/CMakeTmp'
Building C object CMakeFiles/cmTC_c036f.dir/CMakeCCompilerABI.c.o
/usr/bin/gcc    -o CMakeFiles/cmTC_c036f.dir/CMakeCCompilerABI.c.o   -c /usr/share/cmake-3.16/Modules/CMakeCCompilerABI.c
Linking C executable cmTC_c036f
/usr/bin/cmake -E cmake_link_script CMakeFiles/cmTC_c036f.dir/link.txt --verbose=1
/usr/bin/gcc      CMakeFiles/cmTC_c036f.dir/CMakeCCompilerABI.c.o  -o cmTC_c036f 
make[1]: Leaving directory '/home/caizi/C++/web_framework/build/CMakeFiles/CMakeTmp'



Determining if the CXX compiler works passed with the following output:
Change Dir: /home/caizi/C++/web_framework/build/CMakeFiles/CMakeTmp

Run Build Command(s):/usr/bin/make cmTC_1bdd8/fast && /usr/bin/make -f CMakeFiles/cmTC_1bdd8.dir/build.make CMakeFiles/cmTC_1bdd8.dir/build
make[1]: Entering directory '/home/caizi/C++/web_framework/build/CMakeFiles/CMakeTmp'
Building CXX object CMakeFiles/cmTC_1bdd8.dir/testCXXCompiler.cxx.o
/usr/bin/g++     -o CMakeFiles/cmTC_1bdd8.dir/testCXXCompiler.cxx.o -c /home/caizi/C++/web_framework/build/CMakeFiles/CMakeTmp/testCXXCompiler.cxx
Linking CXX executable cmTC_1bdd8
/usr/bin/cmake -E cmake_link_script CMakeFiles/cmTC_1bdd8.dir/link.txt --verbose=1
/usr/bin/g++       CMakeFiles/cmTC_1bdd8.dir/testCXXCompiler.cxx.o  -o cmTC_1bdd8 
make[1]: Leaving directory '/home/caizi/C++/web_framework/build/CMakeFiles/CMakeTmp'



Detecting CXX compiler ABI info compiled with the following output:
Change Dir: /home/caizi/C++/web_framework/build/CMakeFiles/CMakeTmp

Run Build Command(s):/usr/bin/make cmTC_13c48/fast && /usr/bin/make -f CMakeFiles/cmTC_13c48.dir/build.make CMakeFiles/cmTC_13c48.dir/build
make[1]: Entering directory '/home/caizi/C++/web_framework/build/CMakeFiles/CMakeTmp'
Building CXX object CMakeFiles/cmTC_13c48.dir/CMakeCXXCompilerABI.cpp.o
/usr/bin/g++     -o CMakeFiles/cmTC_13c48.dir/CMakeCXXCompilerABI.cpp.o -c /usr/share/cmake-3.16/Modules/CMakeCXXCompilerABI.cpp
Linking CXX executable cmTC_13c48
/usr/bin/cmake -E cmake_link_script CMakeFiles/cmTC_13c48.dir/link.txt --verbose=1
/usr/bin/g++       CMakeFiles/cmTC_13c48.dir/CMakeCXXCompilerABI.cpp.o  -o cmTC_13c48 
make[1]: Leaving directory '/home/caizi/C++/web_framework/build/CMakeFiles/CMakeTmp'



